0   __   
0  ______  
1 _/  |  
1 /      \ 
2/ $$ |  
2/$$$$$$  |
3$$$$ |  
3$$____$$ |
4  $$ |  
4 /    $$/ 
5  $$ |  
5/$$$$$$/  
6 _$$ |_ 
6$$ |_____ 
7/ $$   |
7$$       |
8$$$$$$/ 
8$$$$$$$$/ 
0   __   
0  ______  
1 _/  |  
1 /      \ 
2/ $$ |  
2/$$$$$$  |
3$$$$ |  
3$$____$$ |
4  $$ |  
4 /    $$/ 
5  $$ |  
5/$$$$$$/  
6 _$$ |_ 
6$$ |_____ 
7/ $$   |
7$$       |
8$$$$$$/ 
8$$$$$$$$/ 
0   __   
0  ______  
1 _/  |  
1 /      \ 
2/ $$ |  
2/$$$$$$  |
3$$$$ |  
3$$____$$ |
4  $$ |  
4 /    $$/ 
5  $$ |  
5/$$$$$$/  
6 _$$ |_ 
6$$ |_____ 
7/ $$   |
7$$       |
8$$$$$$/ 
8$$$$$$$$/ 
